2026-06-03 01:17:11 [ERROR] [global-service]: uncaughtException: Cannot find module '../controllers/nextOfKInControl'
Require stack:
- C:\Users\lenovo\new-repo\apps\deceased-service\routes\deceasedRoutes.ts
- C:\Users\lenovo\new-repo\apps\deceased-service\server.ts
Error: Cannot find module '../controllers/nextOfKInControl'
Require stack:
- C:\Users\lenovo\new-repo\apps\deceased-service\routes\deceasedRoutes.ts
- C:\Users\lenovo\new-repo\apps\deceased-service\server.ts
    at Module.<anonymous> (node:internal/modules/cjs/loader:1500:15)
    at Module._resolveFilename.sharedData.moduleResolveFilenameHook.installedValue [as _resolveFilename] (C:\Users\lenovo\new-repo\node_modules\@cspotcode\source-map-support\source-map-support.js:811:30)
    at wrapResolveFilename (node:internal/modules/cjs/loader:1071:27)
    at defaultResolveImplForCJSLoading (node:internal/modules/cjs/loader:1095:10)
    at resolveForCJSWithHooks (node:internal/modules/cjs/loader:1116:12)
    at Module._load (node:internal/modules/cjs/loader:1285:25)
    at wrapModuleLoad (node:internal/modules/cjs/loader:255:19)
    at Module.require (node:internal/modules/cjs/loader:1600:12)
    at require (node:internal/modules/helpers:153:16)
    at Object.<anonymous> (C:\Users\lenovo\new-repo\apps\deceased-service\routes\deceasedRoutes.ts:13:5)
    at Module._compile (node:internal/modules/cjs/loader:1854:14)
    at Module.m._compile (C:\Users\lenovo\new-repo\node_modules\ts-node\src\index.ts:1618:23)
    at node:internal/modules/cjs/loader:1985:10
    at Object.require.extensions.<computed> [as .ts] (C:\Users\lenovo\new-repo\node_modules\ts-node\src\index.ts:1621:12)
    at Module.load (node:internal/modules/cjs/loader:1577:32)
    at Module._load (node:internal/modules/cjs/loader:1379:12) | Error: Cannot find module '../controllers/nextOfKInControl'
2026-06-03 01:20:46 [ERROR] [global-service]: uncaughtException: Cannot find module '../controllers/nextOfKInControl'
Require stack:
- C:\Users\lenovo\new-repo\apps\deceased-service\routes\deceasedRoutes.ts
- C:\Users\lenovo\new-repo\apps\deceased-service\server.ts
Error: Cannot find module '../controllers/nextOfKInControl'
Require stack:
- C:\Users\lenovo\new-repo\apps\deceased-service\routes\deceasedRoutes.ts
- C:\Users\lenovo\new-repo\apps\deceased-service\server.ts
    at Module.<anonymous> (node:internal/modules/cjs/loader:1500:15)
    at Module._resolveFilename.sharedData.moduleResolveFilenameHook.installedValue [as _resolveFilename] (C:\Users\lenovo\new-repo\node_modules\@cspotcode\source-map-support\source-map-support.js:811:30)
    at wrapResolveFilename (node:internal/modules/cjs/loader:1071:27)
    at defaultResolveImplForCJSLoading (node:internal/modules/cjs/loader:1095:10)
    at resolveForCJSWithHooks (node:internal/modules/cjs/loader:1116:12)
    at Module._load (node:internal/modules/cjs/loader:1285:25)
    at wrapModuleLoad (node:internal/modules/cjs/loader:255:19)
    at Module.require (node:internal/modules/cjs/loader:1600:12)
    at require (node:internal/modules/helpers:153:16)
    at Object.<anonymous> (C:\Users\lenovo\new-repo\apps\deceased-service\routes\deceasedRoutes.ts:13:5)
    at Module._compile (node:internal/modules/cjs/loader:1854:14)
    at Module.m._compile (C:\Users\lenovo\new-repo\node_modules\ts-node\src\index.ts:1618:23)
    at node:internal/modules/cjs/loader:1985:10
    at Object.require.extensions.<computed> [as .ts] (C:\Users\lenovo\new-repo\node_modules\ts-node\src\index.ts:1621:12)
    at Module.load (node:internal/modules/cjs/loader:1577:32)
    at Module._load (node:internal/modules/cjs/loader:1379:12) | Error: Cannot find module '../controllers/nextOfKInControl'
2026-06-03 01:21:17 [ERROR] [global-service]: uncaughtException: Cannot find module '../controllers/nextOfKInControl'
Require stack:
- C:\Users\lenovo\new-repo\apps\deceased-service\routes\deceasedRoutes.ts
- C:\Users\lenovo\new-repo\apps\deceased-service\server.ts
Error: Cannot find module '../controllers/nextOfKInControl'
Require stack:
- C:\Users\lenovo\new-repo\apps\deceased-service\routes\deceasedRoutes.ts
- C:\Users\lenovo\new-repo\apps\deceased-service\server.ts
    at Module.<anonymous> (node:internal/modules/cjs/loader:1500:15)
    at Module._resolveFilename.sharedData.moduleResolveFilenameHook.installedValue [as _resolveFilename] (C:\Users\lenovo\new-repo\node_modules\@cspotcode\source-map-support\source-map-support.js:811:30)
    at wrapResolveFilename (node:internal/modules/cjs/loader:1071:27)
    at defaultResolveImplForCJSLoading (node:internal/modules/cjs/loader:1095:10)
    at resolveForCJSWithHooks (node:internal/modules/cjs/loader:1116:12)
    at Module._load (node:internal/modules/cjs/loader:1285:25)
    at wrapModuleLoad (node:internal/modules/cjs/loader:255:19)
    at Module.require (node:internal/modules/cjs/loader:1600:12)
    at require (node:internal/modules/helpers:153:16)
    at Object.<anonymous> (C:\Users\lenovo\new-repo\apps\deceased-service\routes\deceasedRoutes.ts:13:5)
    at Module._compile (node:internal/modules/cjs/loader:1854:14)
    at Module.m._compile (C:\Users\lenovo\new-repo\node_modules\ts-node\src\index.ts:1618:23)
    at node:internal/modules/cjs/loader:1985:10
    at Object.require.extensions.<computed> [as .ts] (C:\Users\lenovo\new-repo\node_modules\ts-node\src\index.ts:1621:12)
    at Module.load (node:internal/modules/cjs/loader:1577:32)
    at Module._load (node:internal/modules/cjs/loader:1379:12) | Error: Cannot find module '../controllers/nextOfKInControl'
2026-06-03 01:26:25 [ERROR] [global-service]: uncaughtException: Cannot find module '../controllers/nextOfKInControl'
Require stack:
- C:\Users\lenovo\new-repo\apps\deceased-service\routes\deceasedRoutes.ts
- C:\Users\lenovo\new-repo\apps\deceased-service\server.ts
Error: Cannot find module '../controllers/nextOfKInControl'
Require stack:
- C:\Users\lenovo\new-repo\apps\deceased-service\routes\deceasedRoutes.ts
- C:\Users\lenovo\new-repo\apps\deceased-service\server.ts
    at Module.<anonymous> (node:internal/modules/cjs/loader:1500:15)
    at Module._resolveFilename.sharedData.moduleResolveFilenameHook.installedValue [as _resolveFilename] (C:\Users\lenovo\new-repo\node_modules\@cspotcode\source-map-support\source-map-support.js:811:30)
    at wrapResolveFilename (node:internal/modules/cjs/loader:1071:27)
    at defaultResolveImplForCJSLoading (node:internal/modules/cjs/loader:1095:10)
    at resolveForCJSWithHooks (node:internal/modules/cjs/loader:1116:12)
    at Module._load (node:internal/modules/cjs/loader:1285:25)
    at wrapModuleLoad (node:internal/modules/cjs/loader:255:19)
    at Module.require (node:internal/modules/cjs/loader:1600:12)
    at require (node:internal/modules/helpers:153:16)
    at Object.<anonymous> (C:\Users\lenovo\new-repo\apps\deceased-service\routes\deceasedRoutes.ts:13:5)
    at Module._compile (node:internal/modules/cjs/loader:1854:14)
    at Module.m._compile (C:\Users\lenovo\new-repo\node_modules\ts-node\src\index.ts:1618:23)
    at node:internal/modules/cjs/loader:1985:10
    at Object.require.extensions.<computed> [as .ts] (C:\Users\lenovo\new-repo\node_modules\ts-node\src\index.ts:1621:12)
    at Module.load (node:internal/modules/cjs/loader:1577:32)
    at Module._load (node:internal/modules/cjs/loader:1379:12) | Error: Cannot find module '../controllers/nextOfKInControl'
