2026-06-02 08:33:55 [ERROR] [global-service]: uncaughtException: Missing parameter name at index 1: *; visit https://git.new/pathToRegexpError for info
TypeError: Missing parameter name at index 1: *; visit https://git.new/pathToRegexpError for info
    at consumeUntil (C:\Users\lenovo\new-repo\node_modules\router\node_modules\path-to-regexp\src\index.ts:218:17)
    at parse (C:\Users\lenovo\new-repo\node_modules\router\node_modules\path-to-regexp\src\index.ts:262:24)
    at process (C:\Users\lenovo\new-repo\node_modules\router\node_modules\path-to-regexp\src\index.ts:466:52)
    at pathToRegexp (C:\Users\lenovo\new-repo\node_modules\router\node_modules\path-to-regexp\src\index.ts:478:3)
    at Object.match (C:\Users\lenovo\new-repo\node_modules\router\node_modules\path-to-regexp\src\index.ts:416:28)
    at matcher (C:\Users\lenovo\new-repo\node_modules\router\lib\layer.js:86:23)
    at new Layer (C:\Users\lenovo\new-repo\node_modules\router\lib\layer.js:93:62)
    at router.use (C:\Users\lenovo\new-repo\node_modules\router\index.js:398:19)
    at app.<anonymous> (C:\Users\lenovo\new-repo\node_modules\express\lib\application.js:222:21)
    at Array.forEach (<anonymous>) | TypeError: Missing parameter name at index 1: *; visit https://git.new/pathToRegexpError for info
2026-06-02 08:34:26 [ERROR] [global-service]: uncaughtException: Missing parameter name at index 1: *; visit https://git.new/pathToRegexpError for info
TypeError: Missing parameter name at index 1: *; visit https://git.new/pathToRegexpError for info
    at consumeUntil (C:\Users\lenovo\new-repo\node_modules\router\node_modules\path-to-regexp\src\index.ts:218:17)
    at parse (C:\Users\lenovo\new-repo\node_modules\router\node_modules\path-to-regexp\src\index.ts:262:24)
    at process (C:\Users\lenovo\new-repo\node_modules\router\node_modules\path-to-regexp\src\index.ts:466:52)
    at pathToRegexp (C:\Users\lenovo\new-repo\node_modules\router\node_modules\path-to-regexp\src\index.ts:478:3)
    at Object.match (C:\Users\lenovo\new-repo\node_modules\router\node_modules\path-to-regexp\src\index.ts:416:28)
    at matcher (C:\Users\lenovo\new-repo\node_modules\router\lib\layer.js:86:23)
    at new Layer (C:\Users\lenovo\new-repo\node_modules\router\lib\layer.js:93:62)
    at router.use (C:\Users\lenovo\new-repo\node_modules\router\index.js:398:19)
    at app.<anonymous> (C:\Users\lenovo\new-repo\node_modules\express\lib\application.js:222:21)
    at Array.forEach (<anonymous>) | TypeError: Missing parameter name at index 1: *; visit https://git.new/pathToRegexpError for info
2026-06-02 09:23:06 [ERROR] [global-service]: uncaughtException: argument handler must be a function
TypeError: argument handler must be a function
    at Route.<computed> [as post] (C:\Users\lenovo\new-repo\node_modules\router\lib\route.js:228:15)
    at router.Router.<computed> [as post] (C:\Users\lenovo\new-repo\node_modules\router\index.js:448:19)
    at Object.<anonymous> (C:\Users\lenovo\new-repo\apps\auth-service\routes\authRoutes.js:21:8)
    at Module._compile (node:internal/modules/cjs/loader:1854:14)
    at Object.<anonymous> (node:internal/modules/cjs/loader:1985:10)
    at Module.load (node:internal/modules/cjs/loader:1577:32)
    at Module._load (node:internal/modules/cjs/loader:1379:12)
    at wrapModuleLoad (node:internal/modules/cjs/loader:255:19)
    at Module.require (node:internal/modules/cjs/loader:1600:12)
    at require (node:internal/modules/helpers:153:16) | TypeError: argument handler must be a function
2026-06-02 09:26:02 [ERROR] [global-service]: uncaughtException: argument handler must be a function
TypeError: argument handler must be a function
    at Route.<computed> [as post] (C:\Users\lenovo\new-repo\node_modules\router\lib\route.js:228:15)
    at router.Router.<computed> [as post] (C:\Users\lenovo\new-repo\node_modules\router\index.js:448:19)
    at Object.<anonymous> (C:\Users\lenovo\new-repo\apps\auth-service\routes\authRoutes.js:21:8)
    at Module._compile (node:internal/modules/cjs/loader:1854:14)
    at Object.<anonymous> (node:internal/modules/cjs/loader:1985:10)
    at Module.load (node:internal/modules/cjs/loader:1577:32)
    at Module._load (node:internal/modules/cjs/loader:1379:12)
    at wrapModuleLoad (node:internal/modules/cjs/loader:255:19)
    at Module.require (node:internal/modules/cjs/loader:1600:12)
    at require (node:internal/modules/helpers:153:16) | TypeError: argument handler must be a function
2026-06-02 09:26:23 [ERROR] [global-service]: uncaughtException: argument handler must be a function
TypeError: argument handler must be a function
    at Route.<computed> [as post] (C:\Users\lenovo\new-repo\node_modules\router\lib\route.js:228:15)
    at router.Router.<computed> [as post] (C:\Users\lenovo\new-repo\node_modules\router\index.js:448:19)
    at Object.<anonymous> (C:\Users\lenovo\new-repo\apps\auth-service\routes\authRoutes.js:21:8)
    at Module._compile (node:internal/modules/cjs/loader:1854:14)
    at Object.<anonymous> (node:internal/modules/cjs/loader:1985:10)
    at Module.load (node:internal/modules/cjs/loader:1577:32)
    at Module._load (node:internal/modules/cjs/loader:1379:12)
    at wrapModuleLoad (node:internal/modules/cjs/loader:255:19)
    at Module.require (node:internal/modules/cjs/loader:1600:12)
    at require (node:internal/modules/helpers:153:16) | TypeError: argument handler must be a function
2026-06-02 09:26:55 [ERROR] [global-service]: uncaughtException: argument handler must be a function
TypeError: argument handler must be a function
    at Route.<computed> [as post] (C:\Users\lenovo\new-repo\node_modules\router\lib\route.js:228:15)
    at router.Router.<computed> [as post] (C:\Users\lenovo\new-repo\node_modules\router\index.js:448:19)
    at Object.<anonymous> (C:\Users\lenovo\new-repo\apps\auth-service\routes\authRoutes.js:35:8)
    at Module._compile (node:internal/modules/cjs/loader:1854:14)
    at Object.<anonymous> (node:internal/modules/cjs/loader:1985:10)
    at Module.load (node:internal/modules/cjs/loader:1577:32)
    at Module._load (node:internal/modules/cjs/loader:1379:12)
    at wrapModuleLoad (node:internal/modules/cjs/loader:255:19)
    at Module.require (node:internal/modules/cjs/loader:1600:12)
    at require (node:internal/modules/helpers:153:16) | TypeError: argument handler must be a function
2026-06-02 09:27:03 [ERROR] [global-service]: uncaughtException: argument handler must be a function
TypeError: argument handler must be a function
    at Route.<computed> [as post] (C:\Users\lenovo\new-repo\node_modules\router\lib\route.js:228:15)
    at router.Router.<computed> [as post] (C:\Users\lenovo\new-repo\node_modules\router\index.js:448:19)
    at Object.<anonymous> (C:\Users\lenovo\new-repo\apps\auth-service\routes\authRoutes.js:21:8)
    at Module._compile (node:internal/modules/cjs/loader:1854:14)
    at Object.<anonymous> (node:internal/modules/cjs/loader:1985:10)
    at Module.load (node:internal/modules/cjs/loader:1577:32)
    at Module._load (node:internal/modules/cjs/loader:1379:12)
    at wrapModuleLoad (node:internal/modules/cjs/loader:255:19)
    at Module.require (node:internal/modules/cjs/loader:1600:12)
    at require (node:internal/modules/helpers:153:16) | TypeError: argument handler must be a function
2026-06-02 09:42:27 [ERROR] [global-service]: uncaughtException: argument handler must be a function
TypeError: argument handler must be a function
    at Route.<computed> [as post] (C:\Users\lenovo\new-repo\node_modules\router\lib\route.js:228:15)
    at router.Router.<computed> [as post] (C:\Users\lenovo\new-repo\node_modules\router\index.js:448:19)
    at Object.<anonymous> (C:\Users\lenovo\new-repo\apps\auth-service\routes\authRoutes.js:21:8)
    at Module._compile (node:internal/modules/cjs/loader:1854:14)
    at Object.<anonymous> (node:internal/modules/cjs/loader:1985:10)
    at Module.load (node:internal/modules/cjs/loader:1577:32)
    at Module._load (node:internal/modules/cjs/loader:1379:12)
    at wrapModuleLoad (node:internal/modules/cjs/loader:255:19)
    at Module.require (node:internal/modules/cjs/loader:1600:12)
    at require (node:internal/modules/helpers:153:16) | TypeError: argument handler must be a function
2026-06-02 10:24:59 [ERROR] [global-service]: uncaughtException: argument handler must be a function
TypeError: argument handler must be a function
    at Route.<computed> [as post] (C:\Users\lenovo\new-repo\node_modules\router\lib\route.js:228:15)
    at router.Router.<computed> [as post] (C:\Users\lenovo\new-repo\node_modules\router\index.js:448:19)
    at Object.<anonymous> (C:\Users\lenovo\new-repo\apps\auth-service\routes\authRoutes.js:18:8)
    at Module._compile (node:internal/modules/cjs/loader:1854:14)
    at Object.<anonymous> (node:internal/modules/cjs/loader:1985:10)
    at Module.load (node:internal/modules/cjs/loader:1577:32)
    at Module._load (node:internal/modules/cjs/loader:1379:12)
    at wrapModuleLoad (node:internal/modules/cjs/loader:255:19)
    at Module.require (node:internal/modules/cjs/loader:1600:12)
    at require (node:internal/modules/helpers:153:16) | TypeError: argument handler must be a function
2026-06-02 10:25:50 [ERROR] [global-service]: uncaughtException: loginUser is not defined
ReferenceError: loginUser is not defined
    at Object.<anonymous> (C:\Users\lenovo\new-repo\apps\auth-service\routes\authRoutes.js:16:23)
    at Module._compile (node:internal/modules/cjs/loader:1854:14)
    at Object.<anonymous> (node:internal/modules/cjs/loader:1985:10)
    at Module.load (node:internal/modules/cjs/loader:1577:32)
    at Module._load (node:internal/modules/cjs/loader:1379:12)
    at wrapModuleLoad (node:internal/modules/cjs/loader:255:19)
    at Module.require (node:internal/modules/cjs/loader:1600:12)
    at require (node:internal/modules/helpers:153:16)
    at Object.<anonymous> (C:\Users\lenovo\new-repo\apps\auth-service\server.js:6:20)
    at Module._compile (node:internal/modules/cjs/loader:1854:14) | ReferenceError: loginUser is not defined
